<?xml version="1.0" encoding="UTF-8"?>
<testng-results ignored="0" total="1" passed="1" failed="0" skipped="0">
  <reporter-output>
  </reporter-output>
  <suite started-at="2024-10-06T23:30:55 PKT" name="Default suite" finished-at="2024-10-06T23:32:26 PKT" duration-ms="90958">
    <groups>
    </groups>
    <test started-at="2024-10-06T23:30:55 PKT" name="Default test" finished-at="2024-10-06T23:32:26 PKT" duration-ms="90958">
      <class name="qa.test.ChatTest">
        <test-method is-config="true" signature="setUp()[pri:0, instance:qa.test.ChatTest@3f191845]" started-at="2024-10-06T23:30:55 PKT" name="setUp" finished-at="2024-10-06T23:31:05 PKT" duration-ms="10058" status="PASS">
          <reporter-output>
          </reporter-output>
        </test-method> <!-- setUp -->
        <test-method signature="Test()[pri:0, instance:qa.test.ChatTest@3f191845]" started-at="2024-10-06T23:31:05 PKT" name="Test" finished-at="2024-10-06T23:32:26 PKT" duration-ms="80815" status="PASS">
          <reporter-output>
          </reporter-output>
        </test-method> <!-- Test -->
      </class> <!-- qa.test.ChatTest -->
    </test> <!-- Default test -->
  </suite> <!-- Default suite -->
</testng-results>
